[LOG] System::create                           : Header version = 2.01.05. Current version = 2.01.05.
[LOG] Manager::init                            : maxchannels = 256 studioflags = 00000006 flags 00000000 extradriverdata 0000000000000000.
[LOG] SystemI::init                            : Initialize version=20105 (112138), maxchannels=256, flags=0x00020000
[LOG] SystemI::setOutputInternal               : Setting output to 'FMOD WASAPI Output'
[LOG] OutputWASAPI::init                       : Mix Format (WAVEFORMATEX): wFormatTag=0xFFFE, nChannels=2, nSamplesPerSec=48000, nAvgBytesPerSec=384000, nBlockAlign=8, wBitsPerSample=32, cbSize=22.
[LOG] OutputWASAPI::init                       : Mix Format (WAVEFORMATEXTENSIBLE): wValidBitsPerSample=32, dwChannelMask=0x00000003, SubFormat=00000003-0000-0010-8000-00AA00389B71.
[LOG] OutputWASAPI::init                       : Output buffer size: 4096 samples, latency: 0.00ms, period: 10.00ms, DSP buffer: 1024 * 4
[LOG] Thread::initThread                       : Init FMOD stream thread. Affinity: 0x8000000000000003, Priority: 0xFFFF7FFB, Stack Size: 98304, Semaphore: No, Sleep Time: 10, Looping: Yes.
[LOG] Thread::initThread                       : Init FMOD mixer thread. Affinity: 0x8000000000000001, Priority: 0xFFFF7FFA, Stack Size: 81920, Semaphore: No, Sleep Time: 0, Looping: Yes.
[LOG] AsyncManager::init                       : manager 0000028DAE383508 isAsync 0 updatePeriod 0.02
[LOG] AsyncManager::init                       : done
[LOG] PlaybackSystem::init                     : 
[LOG] Thread::initThread                       : Init FMOD Studio sample load thread. Affinity: 0x8000000000000003, Priority: 0xFFFF7FFD, Stack Size: 98304, Semaphore: No, Sleep Time: 1, Looping: No.
[LOG] PlaybackSystem::init                     : done
[LOG] Thread::initThread                       : Init FMOD Studio bank load thread. Affinity: 0x8000000000000003, Priority: 0xFFFF7FFD, Stack Size: 98304, Semaphore: No, Sleep Time: 1, Looping: No.
[LOG] Manager::init                            : done.
[LOG] Manager::readBank                        : fileversion = 135, compatVersion = 132 (oldest = 44, newest = 135)
[LOG] SystemI::createSoundInternal             : Create name='', mode=0x02000202
[LOG] SystemI::createSoundInternal             : exinfo->cbsize             = 224
[LOG] SystemI::createSoundInternal             : exinfo->length             = 2745856
[LOG] SystemI::createSoundInternal             : exinfo->fileoffset         = 93824
[LOG] SystemI::createSoundInternal             : exinfo->numsubsounds       = 1
[LOG] SystemI::createSoundInternal             : exinfo->inclusionlist      = 000000BC87FFEE38
[LOG] SystemI::createSoundInternal             : exinfo->inclusionlistnum   = 1
[LOG] SystemI::createSoundInternal             : exinfo->suggestedsoundtype = 5
[LOG] SystemI::createSoundInternal             : exinfo->useropen           = 00007FFE0AE07E30
[LOG] SystemI::createSoundInternal             : exinfo->userclose          = 00007FFE0AE07E00
[LOG] SystemI::createSoundInternal             : exinfo->userread           = 00007FFE0AE07F00
[LOG] SystemI::createSoundInternal             : exinfo->userseek           = 00007FFE0AE07FC0
[LOG] SystemI::createSoundInternal             : exinfo->fileuserdata       = 0000028DA23AC6E8
[LOG] SystemI::createSoundInternal             : exinfo->initialseekpostype = 1
[LOG] SystemI::DSPCodecPoolRegister            : register codec pool for pool type 5
[LOG] SystemI::createSoundInternal             : Sample 0/1: name='Wood footstep 3', format=5, channels=2, frequency=48000, lengthbytes=6112, lengthpcm=22272, pcmblocksize=0, loopstart=0, loopend=0, mode=0x00000000, channelmask=0x00000000, channelorder=0, peakvolume=0.683624.
[LOG] SystemI::createSoundInternal             : Create name='', mode=0x02000202
[LOG] SystemI::createSoundInternal             : exinfo->cbsize             = 224
[LOG] SystemI::createSoundInternal             : exinfo->length             = 2745856
[LOG] SystemI::createSoundInternal             : exinfo->fileoffset         = 93824
[LOG] SystemI::createSoundInternal             : exinfo->numsubsounds       = 1
[LOG] SystemI::createSoundInternal             : exinfo->inclusionlist      = 000000BC87FFEE38
[LOG] SystemI::createSoundInternal             : exinfo->inclusionlistnum   = 1
[LOG] SystemI::createSoundInternal             : exinfo->suggestedsoundtype = 5
[LOG] SystemI::createSoundInternal             : exinfo->useropen           = 00007FFE0AE07E30
[LOG] SystemI::createSoundInternal             : exinfo->userclose          = 00007FFE0AE07E00
[LOG] SystemI::createSoundInternal             : exinfo->userread           = 00007FFE0AE07F00
[LOG] SystemI::createSoundInternal             : exinfo->userseek           = 00007FFE0AE07FC0
[LOG] SystemI::createSoundInternal             : exinfo->fileuserdata       = 0000028DA23AC6E8
[LOG] SystemI::createSoundInternal             : exinfo->initialseekpostype = 1
[LOG] SystemI::DSPCodecPoolRegister            : register codec pool for pool type 5
[LOG] SystemI::createSoundInternal             : Sample 0/1: name='Stone footstep 2', format=5, channels=2, frequency=48000, lengthbytes=3840, lengthpcm=14976, pcmblocksize=0, loopstart=0, loopend=0, mode=0x00000000, channelmask=0x00000000, channelorder=0, peakvolume=0.999969.
[LOG] SystemI::createSoundInternal             : Create name='', mode=0x02000202
[LOG] SystemI::createSoundInternal             : exinfo->cbsize             = 224
[LOG] SystemI::createSoundInternal             : exinfo->length             = 2745856
[LOG] SystemI::createSoundInternal             : exinfo->fileoffset         = 93824
[LOG] SystemI::createSoundInternal             : exinfo->numsubsounds       = 1
[LOG] SystemI::createSoundInternal             : exinfo->inclusionlist      = 000000BC87FFEE38
[LOG] SystemI::createSoundInternal             : exinfo->inclusionlistnum   = 1
[LOG] SystemI::createSoundInternal             : exinfo->suggestedsoundtype = 5
[LOG] SystemI::createSoundInternal             : exinfo->useropen           = 00007FFE0AE07E30
[LOG] SystemI::createSoundInternal             : exinfo->userclose          = 00007FFE0AE07E00
[LOG] SystemI::createSoundInternal             : exinfo->userread           = 00007FFE0AE07F00
[LOG] SystemI::createSoundInternal             : exinfo->userseek           = 00007FFE0AE07FC0
[LOG] SystemI::createSoundInternal             : exinfo->fileuserdata       = 0000028DA23AC6E8
[LOG] SystemI::createSoundInternal             : exinfo->initialseekpostype = 1
[LOG] SystemI::DSPCodecPoolRegister            : register codec pool for pool type 5
[LOG] SystemI::createSoundInternal             : Sample 0/1: name='Grass footstep 1', format=5, channels=2, frequency=48000, lengthbytes=7648, lengthpcm=24128, pcmblocksize=0, loopstart=0, loopend=0, mode=0x00000000, channelmask=0x00000000, channelorder=0, peakvolume=0.999969.
[LOG] SystemI::createSoundInternal             : Create name='', mode=0x02000202
[LOG] SystemI::createSoundInternal             : exinfo->cbsize             = 224
[LOG] SystemI::createSoundInternal             : exinfo->length             = 2745856
[LOG] SystemI::createSoundInternal             : exinfo->fileoffset         = 93824
[LOG] SystemI::createSoundInternal             : exinfo->numsubsounds       = 1
[LOG] SystemI::createSoundInternal             : exinfo->inclusionlist      = 000000BC87FFEE38
[LOG] SystemI::createSoundInternal             : exinfo->inclusionlistnum   = 1
[LOG] SystemI::createSoundInternal             : exinfo->suggestedsoundtype = 5
[LOG] SystemI::createSoundInternal             : exinfo->useropen           = 00007FFE0AE07E30
[LOG] SystemI::createSoundInternal             : exinfo->userclose          = 00007FFE0AE07E00
[LOG] SystemI::createSoundInternal             : exinfo->userread           = 00007FFE0AE07F00
[LOG] SystemI::createSoundInternal             : exinfo->userseek           = 00007FFE0AE07FC0
[LOG] SystemI::createSoundInternal             : exinfo->fileuserdata       = 0000028DA23AC6E8
[LOG] SystemI::createSoundInternal             : exinfo->initialseekpostype = 1
[LOG] SystemI::DSPCodecPoolRegister            : register codec pool for pool type 5
[LOG] SystemI::createSoundInternal             : Sample 0/1: name='Wood footstep 4', format=5, channels=2, frequency=48000, lengthbytes=4768, lengthpcm=17195, pcmblocksize=0, loopstart=0, loopend=0, mode=0x00000000, channelmask=0x00000000, channelorder=0, peakvolume=0.858856.
[LOG] SystemI::createSoundInternal             : Create name='', mode=0x02000202
[LOG] SystemI::createSoundInternal             : exinfo->cbsize             = 224
[LOG] SystemI::createSoundInternal             : exinfo->length             = 2745856
[LOG] SystemI::createSoundInternal             : exinfo->fileoffset         = 93824
[LOG] SystemI::createSoundInternal             : exinfo->numsubsounds       = 1
[LOG] SystemI::createSoundInternal             : exinfo->inclusionlist      = 000000BC87FFEE38
[LOG] SystemI::createSoundInternal             : exinfo->inclusionlistnum   = 1
[LOG] SystemI::createSoundInternal             : exinfo->suggestedsoundtype = 5
[LOG] SystemI::createSoundInternal             : exinfo->useropen           = 00007FFE0AE07E30
[LOG] SystemI::createSoundInternal             : exinfo->userclose          = 00007FFE0AE07E00
[LOG] SystemI::createSoundInternal             : exinfo->userread           = 00007FFE0AE07F00
[LOG] SystemI::createSoundInternal             : exinfo->userseek           = 00007FFE0AE07FC0
[LOG] SystemI::createSoundInternal             : exinfo->fileuserdata       = 0000028DA23AC6E8
[LOG] SystemI::createSoundInternal             : exinfo->initialseekpostype = 1
[LOG] SystemI::DSPCodecPoolRegister            : register codec pool for pool type 5
[LOG] SystemI::createSoundInternal             : Sample 0/1: name='Water footstep 2', format=5, channels=2, frequency=48000, lengthbytes=6560, lengthpcm=21582, pcmblocksize=0, loopstart=0, loopend=0, mode=0x00000000, channelmask=0x00000000, channelorder=0, peakvolume=0.468903.
[LOG] SystemI::createSoundInternal             : Create name='', mode=0x02000202
[LOG] SystemI::createSoundInternal             : exinfo->cbsize             = 224
[LOG] SystemI::createSoundInternal             : exinfo->length             = 2745856
[LOG] SystemI::createSoundInternal             : exinfo->fileoffset         = 93824
[LOG] SystemI::createSoundInternal             : exinfo->numsubsounds       = 1
[LOG] SystemI::createSoundInternal             : exinfo->inclusionlist      = 000000BC87FFEE38
[LOG] SystemI::createSoundInternal             : exinfo->inclusionlistnum   = 1
[LOG] SystemI::createSoundInternal             : exinfo->suggestedsoundtype = 5
[LOG] SystemI::createSoundInternal             : exinfo->useropen           = 00007FFE0AE07E30
[LOG] SystemI::createSoundInternal             : exinfo->userclose          = 00007FFE0AE07E00
[LOG] SystemI::createSoundInternal             : exinfo->userread           = 00007FFE0AE07F00
[LOG] SystemI::createSoundInternal             : exinfo->userseek           = 00007FFE0AE07FC0
[LOG] SystemI::createSoundInternal             : exinfo->fileuserdata       = 0000028DA23AC6E8
[LOG] SystemI::createSoundInternal             : exinfo->initialseekpostype = 1
[LOG] SystemI::DSPCodecPoolRegister            : register codec pool for pool type 5
[LOG] SystemI::createSoundInternal             : Sample 0/1: name='Grass footstep 5', format=5, channels=2, frequency=48000, lengthbytes=7680, lengthpcm=25088, pcmblocksize=0, loopstart=0, loopend=0, mode=0x00000000, channelmask=0x00000000, channelorder=0, peakvolume=0.999969.
[LOG] SystemI::createSoundInternal             : Create name='', mode=0x02000202
[LOG] SystemI::createSoundInternal             : exinfo->cbsize             = 224
[LOG] SystemI::createSoundInternal             : exinfo->length             = 2745856
[LOG] SystemI::createSoundInternal             : exinfo->fileoffset         = 93824
[LOG] SystemI::createSoundInternal             : exinfo->numsubsounds       = 1
[LOG] SystemI::createSoundInternal             : exinfo->inclusionlist      = 000000BC87FFEE38
[LOG] SystemI::createSoundInternal             : exinfo->inclusionlistnum   = 1
[LOG] SystemI::createSoundInternal             : exinfo->suggestedsoundtype = 5
[LOG] SystemI::createSoundInternal             : exinfo->useropen           = 00007FFE0AE07E30
[LOG] SystemI::createSoundInternal             : exinfo->userclose          = 00007FFE0AE07E00
[LOG] SystemI::createSoundInternal             : exinfo->userread           = 00007FFE0AE07F00
[LOG] SystemI::createSoundInternal             : exinfo->userseek           = 00007FFE0AE07FC0
[LOG] SystemI::createSoundInternal             : exinfo->fileuserdata       = 0000028DA23AC6E8
[LOG] SystemI::createSoundInternal             : exinfo->initialseekpostype = 1
[LOG] SystemI::DSPCodecPoolRegister            : register codec pool for pool type 5
[LOG] SystemI::createSoundInternal             : Sample 0/1: name='Stone footstep 4', format=5, channels=2, frequency=48000, lengthbytes=2144, lengthpcm=7808, pcmblocksize=0, loopstart=0, loopend=0, mode=0x00000000, channelmask=0x00000000, channelorder=0, peakvolume=0.999969.
[LOG] SystemI::createSoundInternal             : Create name='', mode=0x02000202
[LOG] SystemI::createSoundInternal             : exinfo->cbsize             = 224
[LOG] SystemI::createSoundInternal             : exinfo->length             = 2745856
[LOG] SystemI::createSoundInternal             : exinfo->fileoffset         = 93824
[LOG] SystemI::createSoundInternal             : exinfo->numsubsounds       = 1
[LOG] SystemI::createSoundInternal             : exinfo->inclusionlist      = 000000BC87FFEE38
[LOG] SystemI::createSoundInternal             : exinfo->inclusionlistnum   = 1
[LOG] SystemI::createSoundInternal             : exinfo->suggestedsoundtype = 5
[LOG] SystemI::createSoundInternal             : exinfo->useropen           = 00007FFE0AE07E30
[LOG] SystemI::createSoundInternal             : exinfo->userclose          = 00007FFE0AE07E00
[LOG] SystemI::createSoundInternal             : exinfo->userread           = 00007FFE0AE07F00
[LOG] SystemI::createSoundInternal             : exinfo->userseek           = 00007FFE0AE07FC0
[LOG] SystemI::createSoundInternal             : exinfo->fileuserdata       = 0000028DA23AC6E8
[LOG] SystemI::createSoundInternal             : exinfo->initialseekpostype = 1
[LOG] SystemI::DSPCodecPoolRegister            : register codec pool for pool type 5
[LOG] SystemI::createSoundInternal             : Sample 0/1: name='Water footstep 3', format=5, channels=2, frequency=48000, lengthbytes=7680, lengthpcm=27462, pcmblocksize=0, loopstart=0, loopend=0, mode=0x00000000, channelmask=0x00000000, channelorder=0, peakvolume=0.999969.
[LOG] SystemI::createSoundInternal             : Create name='', mode=0x02000202
[LOG] SystemI::createSoundInternal             : exinfo->cbsize             = 224
[LOG] SystemI::createSoundInternal             : exinfo->length             = 2745856
[LOG] SystemI::createSoundInternal             : exinfo->fileoffset         = 93824
[LOG] SystemI::createSoundInternal             : exinfo->numsubsounds       = 1
[LOG] SystemI::createSoundInternal             : exinfo->inclusionlist      = 000000BC87FFEE38
[LOG] SystemI::createSoundInternal             : exinfo->inclusionlistnum   = 1
[LOG] SystemI::createSoundInternal             : exinfo->suggestedsoundtype = 5
[LOG] SystemI::createSoundInternal             : exinfo->useropen           = 00007FFE0AE07E30
[LOG] SystemI::createSoundInternal             : exinfo->userclose          = 00007FFE0AE07E00
[LOG] SystemI::createSoundInternal             : exinfo->userread           = 00007FFE0AE07F00
[LOG] SystemI::createSoundInternal             : exinfo->userseek           = 00007FFE0AE07FC0
[LOG] SystemI::createSoundInternal             : exinfo->fileuserdata       = 0000028DA23AC6E8
[LOG] SystemI::createSoundInternal             : exinfo->initialseekpostype = 1
[LOG] SystemI::DSPCodecPoolRegister            : register codec pool for pool type 5
[LOG] SystemI::createSoundInternal             : Sample 0/1: name='Dirt footstep 9', format=5, channels=2, frequency=48000, lengthbytes=2816, lengthpcm=11905, pcmblocksize=0, loopstart=0, loopend=0, mode=0x00000000, channelmask=0x00000000, channelorder=0, peakvolume=0.697998.
[LOG] SystemI::createSoundInternal             : Create name='', mode=0x02000202
[LOG] SystemI::createSoundInternal             : exinfo->cbsize             = 224
[LOG] SystemI::createSoundInternal             : exinfo->length             = 2745856
[LOG] SystemI::createSoundInternal             : exinfo->fileoffset         = 93824
[LOG] SystemI::createSoundInternal             : exinfo->numsubsounds       = 1
[LOG] SystemI::createSoundInternal             : exinfo->inclusionlist      = 000000BC87FFEE38
[LOG] SystemI::createSoundInternal             : exinfo->inclusionlistnum   = 1
[LOG] SystemI::createSoundInternal             : exinfo->suggestedsoundtype = 5
[LOG] SystemI::createSoundInternal             : exinfo->useropen           = 00007FFE0AE07E30
[LOG] SystemI::createSoundInternal             : exinfo->userclose          = 00007FFE0AE07E00
[LOG] SystemI::createSoundInternal             : exinfo->userread           = 00007FFE0AE07F00
[LOG] SystemI::createSoundInternal             : exinfo->userseek           = 00007FFE0AE07FC0
[LOG] SystemI::createSoundInternal             : exinfo->fileuserdata       = 0000028DA23AC6E8
[LOG] SystemI::createSoundInternal             : exinfo->initialseekpostype = 1
[LOG] SystemI::DSPCodecPoolRegister            : register codec pool for pool type 5
[LOG] SystemI::createSoundInternal             : Sample 0/1: name='Wood footstep 5', format=5, channels=2, frequency=48000, lengthbytes=6528, lengthpcm=23296, pcmblocksize=0, loopstart=0, loopend=0, mode=0x00000000, channelmask=0x00000000, channelorder=0, peakvolume=0.653717.
[LOG] SystemI::createSoundInternal             : Create name='', mode=0x02000202
[LOG] SystemI::createSoundInternal             : exinfo->cbsize             = 224
[LOG] SystemI::createSoundInternal             : exinfo->length             = 2745856
[LOG] SystemI::createSoundInternal             : exinfo->fileoffset         = 93824
[LOG] SystemI::createSoundInternal             : exinfo->numsubsounds       = 1
[LOG] SystemI::createSoundInternal             : exinfo->inclusionlist      = 000000BC87FFEE38
[LOG] SystemI::createSoundInternal             : exinfo->inclusionlistnum   = 1
[LOG] SystemI::createSoundInternal             : exinfo->suggestedsoundtype = 5
[LOG] SystemI::createSoundInternal             : exinfo->useropen           = 00007FFE0AE07E30
[LOG] SystemI::createSoundInternal             : exinfo->userclose          = 00007FFE0AE07E00
[LOG] SystemI::createSoundInternal             : exinfo->userread           = 00007FFE0AE07F00
[LOG] SystemI::createSoundInternal             : exinfo->userseek           = 00007FFE0AE07FC0
[LOG] SystemI::createSoundInternal             : exinfo->fileuserdata       = 0000028DA23AC6E8
[LOG] SystemI::createSoundInternal             : exinfo->initialseekpostype = 1
[LOG] SystemI::DSPCodecPoolRegister            : register codec pool for pool type 5
[LOG] SystemI::createSoundInternal             : Sample 0/1: name='Dirt footstep 1', format=5, channels=2, frequency=48000, lengthbytes=4224, lengthpcm=17792, pcmblocksize=0, loopstart=0, loopend=0, mode=0x00000000, channelmask=0x00000000, channelorder=0, peakvolume=0.637695.
[LOG] SystemI::createSoundInternal             : Create name='', mode=0x02000202
[LOG] SystemI::createSoundInternal             : exinfo->cbsize             = 224
[LOG] SystemI::createSoundInternal             : exinfo->length             = 2745856
[LOG] SystemI::createSoundInternal             : exinfo->fileoffset         = 93824
[LOG] SystemI::createSoundInternal             : exinfo->numsubsounds       = 1
[LOG] SystemI::createSoundInternal             : exinfo->inclusionlist      = 000000BC87FFEE38
[LOG] SystemI::createSoundInternal             : exinfo->inclusionlistnum   = 1
[LOG] SystemI::createSoundInternal             : exinfo->suggestedsoundtype = 5
[LOG] SystemI::createSoundInternal             : exinfo->useropen           = 00007FFE0AE07E30
[LOG] SystemI::createSoundInternal             : exinfo->userclose          = 00007FFE0AE07E00
[LOG] SystemI::createSoundInternal             : exinfo->userread           = 00007FFE0AE07F00
[LOG] SystemI::createSoundInternal             : exinfo->userseek           = 00007FFE0AE07FC0
[LOG] SystemI::createSoundInternal             : exinfo->fileuserdata       = 0000028DA23AC6E8
[LOG] SystemI::createSoundInternal             : exinfo->initialseekpostype = 1
[LOG] SystemI::DSPCodecPoolRegister            : register codec pool for pool type 5
[LOG] SystemI::createSoundInternal             : Sample 0/1: name='Stone footstep 1', format=5, channels=2, frequency=48000, lengthbytes=3232, lengthpcm=12160, pcmblocksize=0, loopstart=0, loopend=0, mode=0x00000000, channelmask=0x00000000, channelorder=0, peakvolume=0.999969.
[LOG] SystemI::createSoundInternal             : Create name='', mode=0x02000202
[LOG] SystemI::createSoundInternal             : exinfo->cbsize             = 224
[LOG] SystemI::createSoundInternal             : exinfo->length             = 2745856
[LOG] SystemI::createSoundInternal             : exinfo->fileoffset         = 93824
[LOG] SystemI::createSoundInternal             : exinfo->numsubsounds       = 1
[LOG] SystemI::createSoundInternal             : exinfo->inclusionlist      = 000000BC87FFEE38
[LOG] SystemI::createSoundInternal             : exinfo->inclusionlistnum   = 1
[LOG] SystemI::createSoundInternal             : exinfo->suggestedsoundtype = 5
[LOG] SystemI::createSoundInternal             : exinfo->useropen           = 00007FFE0AE07E30
[LOG] SystemI::createSoundInternal             : exinfo->userclose          = 00007FFE0AE07E00
[LOG] SystemI::createSoundInternal             : exinfo->userread           = 00007FFE0AE07F00
[LOG] SystemI::createSoundInternal             : exinfo->userseek           = 00007FFE0AE07FC0
[LOG] SystemI::createSoundInternal             : exinfo->fileuserdata       = 0000028DA23AC6E8
[LOG] SystemI::createSoundInternal             : exinfo->initialseekpostype = 1
[LOG] SystemI::DSPCodecPoolRegister            : register codec pool for pool type 5
[LOG] SystemI::createSoundInternal             : Sample 0/1: name='Grass footstep 6', format=5, channels=2, frequency=48000, lengthbytes=6848, lengthpcm=23808, pcmblocksize=0, loopstart=0, loopend=0, mode=0x00000000, channelmask=0x00000000, channelorder=0, peakvolume=0.613922.
[LOG] SystemI::createSoundInternal             : Create name='', mode=0x02000202
[LOG] SystemI::createSoundInternal             : exinfo->cbsize             = 224
[LOG] SystemI::createSoundInternal             : exinfo->length             = 2745856
[LOG] SystemI::createSoundInternal             : exinfo->fileoffset         = 93824
[LOG] SystemI::createSoundInternal             : exinfo->numsubsounds       = 1
[LOG] SystemI::createSoundInternal             : exinfo->inclusionlist      = 000000BC87FFEE38
[LOG] SystemI::createSoundInternal             : exinfo->inclusionlistnum   = 1
[LOG] SystemI::createSoundInternal             : exinfo->suggestedsoundtype = 5
[LOG] SystemI::createSoundInternal             : exinfo->useropen           = 00007FFE0AE07E30
[LOG] SystemI::createSoundInternal             : exinfo->userclose          = 00007FFE0AE07E00
[LOG] SystemI::createSoundInternal             : exinfo->userread           = 00007FFE0AE07F00
[LOG] SystemI::createSoundInternal             : exinfo->userseek           = 00007FFE0AE07FC0
[LOG] SystemI::createSoundInternal             : exinfo->fileuserdata       = 0000028DA23AC6E8
[LOG] SystemI::createSoundInternal             : exinfo->initialseekpostype = 1
[LOG] SystemI::DSPCodecPoolRegister            : register codec pool for pool type 5
[LOG] SystemI::createSoundInternal             : Sample 0/1: name='Dirt footstep 2', format=5, channels=2, frequency=48000, lengthbytes=4960, lengthpcm=21504, pcmblocksize=0, loopstart=0, loopend=0, mode=0x00000000, channelmask=0x00000000, channelorder=0, peakvolume=0.771637.
[LOG] SystemI::createSoundInternal             : Create name='', mode=0x02000202
[LOG] SystemI::createSoundInternal             : exinfo->cbsize             = 224
[LOG] SystemI::createSoundInternal             : exinfo->length             = 2745856
[LOG] SystemI::createSoundInternal             : exinfo->fileoffset         = 93824
[LOG] SystemI::createSoundInternal             : exinfo->numsubsounds       = 1
[LOG] SystemI::createSoundInternal             : exinfo->inclusionlist      = 000000BC87FFEE38
[LOG] SystemI::createSoundInternal             : exinfo->inclusionlistnum   = 1
[LOG] SystemI::createSoundInternal             : exinfo->suggestedsoundtype = 5
[LOG] SystemI::createSoundInternal             : exinfo->useropen           = 00007FFE0AE07E30
[LOG] SystemI::createSoundInternal             : exinfo->userclose          = 00007FFE0AE07E00
[LOG] SystemI::createSoundInternal             : exinfo->userread           = 00007FFE0AE07F00
[LOG] SystemI::createSoundInternal             : exinfo->userseek           = 00007FFE0AE07FC0
[LOG] SystemI::createSoundInternal             : exinfo->fileuserdata       = 0000028DA23AC6E8
[LOG] SystemI::createSoundInternal             : exinfo->initialseekpostype = 1
[LOG] SystemI::DSPCodecPoolRegister            : register codec pool for pool type 5
[LOG] SystemI::createSoundInternal             : Sample 0/1: name='Water footstep 1', format=5, channels=2, frequency=48000, lengthbytes=7072, lengthpcm=23365, pcmblocksize=0, loopstart=0, loopend=0, mode=0x00000000, channelmask=0x00000000, channelorder=0, peakvolume=0.999969.
[LOG] SystemI::createSoundInternal             : Create name='', mode=0x02000202
[LOG] SystemI::createSoundInternal             : exinfo->cbsize             = 224
[LOG] SystemI::createSoundInternal             : exinfo->length             = 2745856
[LOG] SystemI::createSoundInternal             : exinfo->fileoffset         = 93824
[LOG] SystemI::createSoundInternal             : exinfo->numsubsounds       = 1
[LOG] SystemI::createSoundInternal             : exinfo->inclusionlist      = 000000BC87FFEE38
[LOG] SystemI::createSoundInternal             : exinfo->inclusionlistnum   = 1
[LOG] SystemI::createSoundInternal             : exinfo->suggestedsoundtype = 5
[LOG] SystemI::createSoundInternal             : exinfo->useropen           = 00007FFE0AE07E30
[LOG] SystemI::createSoundInternal             : exinfo->userclose          = 00007FFE0AE07E00
[LOG] SystemI::createSoundInternal             : exinfo->userread           = 00007FFE0AE07F00
[LOG] SystemI::createSoundInternal             : exinfo->userseek           = 00007FFE0AE07FC0
[LOG] SystemI::createSoundInternal             : exinfo->fileuserdata       = 0000028D38555CC8
[LOG] SystemI::createSoundInternal             : exinfo->initialseekpostype = 1
[LOG] SystemI::DSPCodecPoolRegister            : register codec pool for pool type 5
[LOG] SystemI::createSoundInternal             : Sample 0/1: name='BagClose3', format=5, channels=2, frequency=48000, lengthbytes=12256, lengthpcm=47232, pcmblocksize=0, loopstart=0, loopend=0, mode=0x00000000, channelmask=0x00000000, channelorder=0, peakvolume=0.213562.
[LOG] SystemI::createSoundInternal             : Create name='', mode=0x02000202
[LOG] SystemI::createSoundInternal             : exinfo->cbsize             = 224
[LOG] SystemI::createSoundInternal             : exinfo->length             = 2745856
[LOG] SystemI::createSoundInternal             : exinfo->fileoffset         = 93824
[LOG] SystemI::createSoundInternal             : exinfo->numsubsounds       = 1
[LOG] SystemI::createSoundInternal             : exinfo->inclusionlist      = 000000BC87FFEE38
[LOG] SystemI::createSoundInternal             : exinfo->inclusionlistnum   = 1
[LOG] SystemI::createSoundInternal             : exinfo->suggestedsoundtype = 5
[LOG] SystemI::createSoundInternal             : exinfo->useropen           = 00007FFE0AE07E30
[LOG] SystemI::createSoundInternal             : exinfo->userclose          = 00007FFE0AE07E00
[LOG] SystemI::createSoundInternal             : exinfo->userread           = 00007FFE0AE07F00
[LOG] SystemI::createSoundInternal             : exinfo->userseek           = 00007FFE0AE07FC0
[LOG] SystemI::createSoundInternal             : exinfo->fileuserdata       = 0000028D3764EBB8
[LOG] SystemI::createSoundInternal             : exinfo->initialseekpostype = 1
[LOG] SystemI::DSPCodecPoolRegister            : register codec pool for pool type 5
[LOG] SystemI::createSoundInternal             : Sample 0/1: name='ui_button_simple_click_03', format=5, channels=2, frequency=48000, lengthbytes=1344, lengthpcm=3705, pcmblocksize=0, loopstart=0, loopend=0, mode=0x00000000, channelmask=0x00000000, channelorder=0, peakvolume=0.999969.
[LOG] Manager::readBank                        : fileversion = 135, compatVersion = 132 (oldest = 44, newest = 135)
[LOG] Manager::readBank                        : fileversion = 135, compatVersion = 132 (oldest = 44, newest = 135)
[LOG] Manager::readBank                        : fileversion = 135, compatVersion = 132 (oldest = 44, newest = 135)
[LOG] SystemI::createSound                     : filename = FMOD\Soulbound\Build\Desktop/Master.bank : mode 02010082
[LOG] SystemI::createSound                     : FMOD_NONBLOCKING specified.  Putting into queue to be opened asynchronously!
[LOG] SystemI::createSound                     : setdata soundi = 0000028D35E6B8F8 : node = 0000028DF79AE670
[LOG] SystemI::createSound                     : add node to async list : head = 0000028D36F4FE78.  list count = 0
[LOG] AsyncThread::threadFunc                  : Starting Asynchronous operation on sound 0000028D35E6B8F8
[LOG] SystemI::createSoundInternal             :     Create name='FMOD\Soulbound\Build\Desktop/Master.bank', mode=0x02010082
[LOG] SystemI::createSoundInternal             :     exinfo->cbsize             = 224
[LOG] SystemI::createSoundInternal             :     exinfo->length             = 2745856
[LOG] SystemI::createSoundInternal             :     exinfo->fileoffset         = 93824
[LOG] SystemI::createSoundInternal             :     exinfo->numsubsounds       = 1
[LOG] SystemI::createSoundInternal             :     exinfo->inclusionlist      = 0000028DF79AE780
[LOG] SystemI::createSoundInternal             :     exinfo->inclusionlistnum   = 1
[LOG] SystemI::createSoundInternal             :     exinfo->suggestedsoundtype = 5
[LOG] SystemI::createSoundInternal             :     exinfo->initialseekpostype = 1
[LOG] SystemI::createSoundInternal             :     Stream 0/1: name='river_stream_waterfall_flowing_water_loop_01', format=5, channels=2, frequency=48000, lengthbytes=187744, lengthpcm=763404, pcmblocksize=0, loopstart=0, loopend=0, mode=0x00000000, channelmask=0x00000000, channelorder=0, peakvolume=0.441345.
[LOG] AsyncThread::threadFunc                  : Finished Asynchronous operation on sound 0000028D35E6B8F8
[LOG] SoundI::release                          : river_stream_waterfall_flowing_water_loop_01 (0000028D9E5BC928)
[LOG] SoundI::release                          :     river_stream_waterfall_flowing_water_loop_01 (0000028D35FF7C58)
[LOG] SoundI::release                          :     river_stream_waterfall_flowing_water_loop_01 (0000028DB10E8F28)
[LOG] SystemI::createSoundInternal             : Create name='', mode=0x02000202
[LOG] SystemI::createSoundInternal             : exinfo->cbsize             = 224
[LOG] SystemI::createSoundInternal             : exinfo->length             = 2745856
[LOG] SystemI::createSoundInternal             : exinfo->fileoffset         = 93824
[LOG] SystemI::createSoundInternal             : exinfo->numsubsounds       = 1
[LOG] SystemI::createSoundInternal             : exinfo->inclusionlist      = 000000BC87FFEE38
[LOG] SystemI::createSoundInternal             : exinfo->inclusionlistnum   = 1
[LOG] SystemI::createSoundInternal             : exinfo->suggestedsoundtype = 5
[LOG] SystemI::createSoundInternal             : exinfo->useropen           = 00007FFE0AE07E30
[LOG] SystemI::createSoundInternal             : exinfo->userclose          = 00007FFE0AE07E00
[LOG] SystemI::createSoundInternal             : exinfo->userread           = 00007FFE0AE07F00
[LOG] SystemI::createSoundInternal             : exinfo->userseek           = 00007FFE0AE07FC0
[LOG] SystemI::createSoundInternal             : exinfo->fileuserdata       = 0000028DA23AC6E8
[LOG] SystemI::createSoundInternal             : exinfo->initialseekpostype = 1
[LOG] SystemI::DSPCodecPoolRegister            : register codec pool for pool type 5
[LOG] SystemI::createSoundInternal             : Sample 0/1: name='BagOpen1', format=5, channels=2, frequency=48000, lengthbytes=10784, lengthpcm=41472, pcmblocksize=0, loopstart=0, loopend=0, mode=0x00000000, channelmask=0x00000000, channelorder=0, peakvolume=0.127289.
[LOG] SoundI::release                          : fire_burning_flames_crackle_loop_01 (0000028D9E5BBF08)
[LOG] SoundI::release                          :     fire_burning_flames_crackle_loop_01 (0000028D35FF7AB8)
[LOG] SoundI::release                          :     fire_burning_flames_crackle_loop_01 (0000028DB10E8868)
[LOG] SoundI::release                          : river_stream_waterfall_flowing_water_loop_01 (0000028D35E6B8F8)
[LOG] SoundI::release                          :     river_stream_waterfall_flowing_water_loop_01 (0000028D9E545D68)
[LOG] SoundI::release                          :     river_stream_waterfall_flowing_water_loop_01 (0000028DB10E81A8)
[LOG] SoundI::release                          : Adventure on the Road (full track) (0000028D9E5BC418)
[LOG] SoundI::release                          :     Adventure on the Road (full track) (0000028D35FF7DF8)
[LOG] SoundI::release                          :     Adventure on the Road (full track) (0000028DB10E8358)
[LOG] SoundI::release                          :  (0000028D364D6AB8)
[LOG] SoundI::release                          :     BagClose3 (0000028DA286D5B8)
[LOG] SoundI::release                          :  (0000028CCD35FA88)
[LOG] SoundI::release                          :     BagOpen1 (0000028D9E63D3F8)
[LOG] SoundI::release                          :  (0000028DA2403058)
[LOG] SoundI::release                          :     Wood footstep 3 (0000028DA1382B58)
[LOG] SoundI::release                          :  (0000028DA24038F8)
[LOG] SoundI::release                          :     Wood footstep 4 (0000028DA1383038)
[LOG] SoundI::release                          :  (0000028CCD35FD68)
[LOG] SoundI::release                          :     Wood footstep 5 (0000028D9EC9F3F8)
[LOG] SoundI::release                          :  (0000028CCD360048)
[LOG] SoundI::release                          :     Dirt footstep 1 (0000028D9EC9F598)
[LOG] SoundI::release                          :  (0000028CCD35FED8)
[LOG] SoundI::release                          :     Dirt footstep 2 (0000028D9EC9FC18)
[LOG] SoundI::release                          :  (0000028CCD35FBF8)
[LOG] SoundI::release                          :     Dirt footstep 9 (0000028D9EC9F258)
[LOG] SoundI::release                          :  (0000028DA2402D78)
[LOG] SoundI::release                          :     Grass footstep 1 (0000028DA1382E98)
[LOG] SoundI::release                          :  (0000028DA2403A68)
[LOG] SoundI::release                          :     Grass footstep 5 (0000028DA13824D8)
[LOG] SoundI::release                          :  (0000028CCD35F4C8)
[LOG] SoundI::release                          :     Grass footstep 6 (0000028D9EC9F8D8)
[LOG] SoundI::release                          :  (0000028CCD35F7A8)
[LOG] SoundI::release                          :     Water footstep 1 (0000028D9EC9FA78)
[LOG] SoundI::release                          :  (0000028DA24031C8)
[LOG] SoundI::release                          :     Water footstep 2 (0000028DA13831D8)
[LOG] SoundI::release                          :  (0000028CCD35F638)
[LOG] SoundI::release                          :     Water footstep 3 (0000028DA13829B8)
[LOG] SoundI::release                          :  (0000028CCD3601B8)
[LOG] SoundI::release                          :     Stone footstep 1 (0000028D9EC9F738)
[LOG] SoundI::release                          :  (0000028DA24034A8)
[LOG] SoundI::release                          :     Stone footstep 2 (0000028DA1382CF8)
[LOG] SoundI::release                          :  (0000028DA2403338)
[LOG] SoundI::release                          :     Stone footstep 4 (0000028DA1382678)
[LOG] SoundI::release                          :  (0000028DEC8323F8)
[LOG] SoundI::release                          :     ui_button_simple_click_03 (0000028D35FF7918)
[LOG] SoundI::release                          :  (0000028DA11A8DA8)
[LOG] SoundI::release                          :     river_stream_flowing_water_loop_02_short_version (0000028E10F358D8)
[LOG] Thread::callback                         : FMOD Studio update thread finished.
[LOG] Thread::callback                         : FMOD Studio bank load thread finished.
[LOG] Profile::disconnectAll                   : Profiler disconnecting all clients
[LOG] Thread::callback                         : FMOD Studio sample load thread finished.
[LOG] LiveUpdate::release                      : 
[LOG] LiveUpdate::reset                        : Reset connection (reason Disconnected)
[LOG] Thread::callback                         : FMOD stream thread finished.
[LOG] Thread::callback                         : FMOD mixer thread finished.
[LOG] Profile::disconnectAll                   : Profiler disconnecting all clients
[LOG] SystemI::close                           : Closed.
[LOG] Manager::readBank                        : fileversion = 135, compatVersion = 132 (oldest = 44, newest = 135)
[LOG] Manager::readBank                        : fileversion = 135, compatVersion = 132 (oldest = 44, newest = 135)
[LOG] Manager::readBank                        : fileversion = 135, compatVersion = 132 (oldest = 44, newest = 135)
[LOG] PlaybackSystem::acquireMasterBus         : Setting master channel group format to 6
